  Test_4_7.c
D:\练习.c\test_4_7\Test_4_7.c(150,7): error C2061: 语法错误: 标识符“Solution”
D:\练习.c\test_4_7\Test_4_7.c(150,7): error C2059: 语法错误:“;”
D:\练习.c\test_4_7\Test_4_7.c(150,16): error C2449: 在文件范围内找到“{”(是否缺少函数头?)
D:\练习.c\test_4_7\Test_4_7.c(180,1): error C2059: 语法错误:“}”
